Using pre-set license
Built from '2021.1/release' branch; Version is '2021.1.4f1 (4cd64a618c1b) revision 5035594'; Using compiler version '192528614'; Build Type 'Release'
OS: 'Windows 10 Home; OS build 22000.469; Version 2009; 64bit' Language: 'en' Physical Memory: 16204 MB
BatchMode: 1, IsHumanControllingUs: 0, StartBugReporterOnCrash: 0, Is64bit: 1, IsPro: 0

 COMMAND LINE ARGUMENTS:
C:\Schools\unity_projects\2021.1.4f1\Editor\Unity.exe
-adb2
-batchMode
-noUpm
-name
AssetImportWorker0
-projectPath
C:/Schools/School/HKU_Jaar2/seminar/Unity/VrSeminar02/Seminar-VR-Experience
-logFile
Logs/AssetImportWorker0.log
-srvPort
59795
Successfully changed project path to: C:/Schools/School/HKU_Jaar2/seminar/Unity/VrSeminar02/Seminar-VR-Experience
C:/Schools/School/HKU_Jaar2/seminar/Unity/VrSeminar02/Seminar-VR-Experience
Using Asset Import Pipeline V2.
Refreshing native plugins compatible for Editor in 73.71 ms, found 5 plugins.
Preloading 0 native plugins for Editor in 0.00 ms.
Initialize engine version: 2021.1.4f1 (4cd64a618c1b)
[Subsystems] Discovering subsystems at path C:/Schools/unity_projects/2021.1.4f1/Editor/Data/Resources/UnitySubsystems
[Subsystems] Discovering subsystems at path C:/Schools/School/HKU_Jaar2/seminar/Unity/VrSeminar02/Seminar-VR-Experience/Assets
GfxDevice: creating device client; threaded=0; jobified=0
Direct3D:
    Version:  Direct3D 11.0 [level 11.1]
    Renderer: NVIDIA GeForce RTX 3060 Laptop GPU (ID=0x2520)
    Vendor:   NVIDIA
    VRAM:     6023 MB
    Driver:   30.0.15.1165
Initialize mono
Mono path[0] = 'C:/Schools/unity_projects/2021.1.4f1/Editor/Data/Managed'
Mono path[1] = 'C:/Schools/unity_projects/2021.1.4f1/Editor/Data/MonoBleedingEdge/lib/mono/unityjit'
Mono config path = 'C:/Schools/unity_projects/2021.1.4f1/Editor/Data/MonoBleedingEdge/etc'
Using monoOptions --debugger-agent=transport=dt_socket,embedding=1,server=y,suspend=n,address=127.0.0.1:56544
Begin MonoManager ReloadAssembly
Registering precompiled unity dll's ...
Register platform support module: C:/Schools/unity_projects/2021.1.4f1/Editor/Data/PlaybackEngines/WindowsStandaloneSupport/UnityEditor.WindowsStandalone.Extensions.dll
Registered in 0.003601 seconds.
Native extension for WindowsStandalone target not found
Refreshing native plugins compatible for Editor in 42.32 ms, found 5 plugins.
Preloading 0 native plugins for Editor in 0.00 ms.
Mono: successfully reloaded assembly
- Completed reload, in  3.257 seconds
Platform modules already initialized, skipping
Registering precompiled user dll's ...
Registered in 0.021095 seconds.
Begin MonoManager ReloadAssembly
Native extension for WindowsStandalone target not found
Refreshing native plugins compatible for Editor in 0.46 ms, found 5 plugins.
Preloading 0 native plugins for Editor in 0.00 ms.
Mono: successfully reloaded assembly
- Completed reload, in  1.211 seconds
Platform modules already initialized, skipping
========================================================================
Worker process is ready to serve import requests
Launched and connected shader compiler UnityShaderCompiler.exe after 0.04 seconds
Refreshing native plugins compatible for Editor in 0.94 ms, found 5 plugins.
Preloading 0 native plugins for Editor in 0.00 ms.
Unloading 1837 Unused Serialized files (Serialized files now loaded: 0)
System memory in use before: 84.8 MB.
System memory in use after: 84.9 MB.

Unloading 22 unused Assets to reduce memory usage. Loaded Objects now: 2296.
Total: 3.728400 ms (FindLiveObjects: 0.212900 ms CreateObjectMapping: 0.089000 ms MarkObjects: 3.324300 ms  DeleteObjects: 0.100800 ms)

========================================================================
Received Import Request.
  path: Assets/Rooms.prefab
  artifactKey: Guid(b0491086753424f479ee99829f973225) Importer(815301076,1909f56bfc062723c751e8b465ee728b)
Start importing Assets/Rooms.prefab using Guid(b0491086753424f479ee99829f973225) Importer(815301076,1909f56bfc062723c751e8b465ee728b)  -> (artifact id: '8ae83450940b624e532ad2d563e8303f') in 0.409784 seconds 
========================================================================
Received Prepare
Registering precompiled user dll's ...
Registered in 0.008527 seconds.
Begin MonoManager ReloadAssembly
Native extension for WindowsStandalone target not found
Refreshing native plugins compatible for Editor in 0.52 ms, found 5 plugins.
Preloading 0 native plugins for Editor in 0.00 ms.
[ScriptCompilation] NOT recompiling all scripts because this is an import worker process. Reason to compile was: Define symbols changed
Mono: successfully reloaded assembly
- Completed reload, in  1.047 seconds
Platform modules already initialized, skipping
Refreshing native plugins compatible for Editor in 0.52 ms, found 5 plugins.
Preloading 0 native plugins for Editor in 0.00 ms.
Unloading 1931 Unused Serialized files (Serialized files now loaded: 0)
System memory in use before: 96.6 MB.
System memory in use after: 94.7 MB.

Unloading 44 unused Assets to reduce memory usage. Loaded Objects now: 2402.
Total: 3.607800 ms (FindLiveObjects: 0.720700 ms CreateObjectMapping: 0.369900 ms MarkObjects: 1.994200 ms  DeleteObjects: 0.520500 ms)

========================================================================
Received Import Request.
  Time since last request: 74.902947 seconds.
  path: Assets/Rooms.prefab
  artifactKey: Guid(b0491086753424f479ee99829f973225) Importer(815301076,1909f56bfc062723c751e8b465ee728b)
Start importing Assets/Rooms.prefab using Guid(b0491086753424f479ee99829f973225) Importer(815301076,1909f56bfc062723c751e8b465ee728b)  -> (artifact id: 'bd37b7e32e0b4272cb07f3ebb37d56b5') in 0.259211 seconds 
========================================================================
Received Import Request.
  Time since last request: 11.823602 seconds.
  path: ProjectSettings/TagManager.asset
  artifactKey: Guid(00000000000000003000000000000000) Importer(815301076,1909f56bfc062723c751e8b465ee728b)
Start importing ProjectSettings/TagManager.asset using Guid(00000000000000003000000000000000) Importer(815301076,1909f56bfc062723c751e8b465ee728b)  -> (artifact id: '244ac6ff6ac20770053305481e8db852') in 0.012897 seconds 
========================================================================
Received Import Request.
  Time since last request: 146.890559 seconds.
  path: Assets/Zhemin.unity
  artifactKey: Guid(ee5371bc353f72b4eadc6d85263bc503) Importer(815301076,1909f56bfc062723c751e8b465ee728b)
Start importing Assets/Zhemin.unity using Guid(ee5371bc353f72b4eadc6d85263bc503) Importer(815301076,1909f56bfc062723c751e8b465ee728b)  -> (artifact id: '68d59d3c02acc162c4498f621aca7bda') in 0.009706 seconds 
========================================================================
Received Prepare
Registering precompiled user dll's ...
Registered in 0.005019 seconds.
Begin MonoManager ReloadAssembly
Native extension for WindowsStandalone target not found
Refreshing native plugins compatible for Editor in 0.64 ms, found 5 plugins.
Preloading 0 native plugins for Editor in 0.00 ms.
[ScriptCompilation] NOT recompiling all scripts because this is an import worker process. Reason to compile was: Define symbols changed
Mono: successfully reloaded assembly
- Completed reload, in  1.133 seconds
Platform modules already initialized, skipping
Refreshing native plugins compatible for Editor in 0.55 ms, found 5 plugins.
Preloading 0 native plugins for Editor in 0.00 ms.
Unloading 1931 Unused Serialized files (Serialized files now loaded: 0)
System memory in use before: 96.7 MB.
System memory in use after: 94.8 MB.

Unloading 45 unused Assets to reduce memory usage. Loaded Objects now: 2406.
Total: 3.350600 ms (FindLiveObjects: 0.240100 ms CreateObjectMapping: 0.130300 ms MarkObjects: 2.395100 ms  DeleteObjects: 0.584000 ms)

========================================================================
Received Prepare
Registering precompiled user dll's ...
Registered in 0.004788 seconds.
Begin MonoManager ReloadAssembly
Native extension for WindowsStandalone target not found
Refreshing native plugins compatible for Editor in 1.22 ms, found 5 plugins.
Preloading 0 native plugins for Editor in 0.00 ms.
[ScriptCompilation] NOT recompiling all scripts because this is an import worker process. Reason to compile was: Define symbols changed
Mono: successfully reloaded assembly
- Completed reload, in  1.253 seconds
Platform modules already initialized, skipping
Refreshing native plugins compatible for Editor in 0.94 ms, found 5 plugins.
Preloading 0 native plugins for Editor in 0.00 ms.
Unloading 1931 Unused Serialized files (Serialized files now loaded: 0)
System memory in use before: 96.8 MB.
System memory in use after: 94.9 MB.

Unloading 44 unused Assets to reduce memory usage. Loaded Objects now: 2409.
Total: 2.836500 ms (FindLiveObjects: 0.182900 ms CreateObjectMapping: 0.135800 ms MarkObjects: 1.936800 ms  DeleteObjects: 0.579800 ms)

========================================================================
Received Prepare
Registering precompiled user dll's ...
Registered in 0.004838 seconds.
Begin MonoManager ReloadAssembly
Native extension for WindowsStandalone target not found
Refreshing native plugins compatible for Editor in 0.72 ms, found 5 plugins.
Preloading 0 native plugins for Editor in 0.00 ms.
Mono: successfully reloaded assembly
- Completed reload, in  1.126 seconds
Platform modules already initialized, skipping
Refreshing native plugins compatible for Editor in 0.63 ms, found 5 plugins.
Preloading 0 native plugins for Editor in 0.00 ms.
Unloading 1931 Unused Serialized files (Serialized files now loaded: 0)
System memory in use before: 96.8 MB.
System memory in use after: 94.9 MB.

Unloading 44 unused Assets to reduce memory usage. Loaded Objects now: 2412.
Total: 4.491000 ms (FindLiveObjects: 0.332300 ms CreateObjectMapping: 0.169000 ms MarkObjects: 3.064600 ms  DeleteObjects: 0.923800 ms)

========================================================================
Received Import Request.
  Time since last request: 1593.703552 seconds.
  path: Assets/Own_Assets/AutoBed.fbx
  artifactKey: Guid(0db41e274d3238f4999231cc2e623cff) Importer(815301076,1909f56bfc062723c751e8b465ee728b)
Start importing Assets/Own_Assets/AutoBed.fbx using Guid(0db41e274d3238f4999231cc2e623cff) Importer(815301076,1909f56bfc062723c751e8b465ee728b)  -> (artifact id: 'c61f57d1b23e96524d8bf496ebdbc7b5') in 0.144106 seconds 
========================================================================
Received Import Request.
  Time since last request: 0.000138 seconds.
  path: Assets/Own_Assets/Kast01.fbx
  artifactKey: Guid(050926eda92e12f4888696f9b0033e28) Importer(815301076,1909f56bfc062723c751e8b465ee728b)
Start importing Assets/Own_Assets/Kast01.fbx using Guid(050926eda92e12f4888696f9b0033e28) Importer(815301076,1909f56bfc062723c751e8b465ee728b)  -> (artifact id: 'e190afae5c7fdab3291e3bf1633d3e54') in 0.233816 seconds 
========================================================================
Received Import Request.
  Time since last request: 0.000154 seconds.
  path: Assets/Own_Assets/Kind.asset
  artifactKey: Guid(de0bd284b543df745a2b74514cecc285) Importer(815301076,1909f56bfc062723c751e8b465ee728b)
Start importing Assets/Own_Assets/Kind.asset using Guid(de0bd284b543df745a2b74514cecc285) Importer(815301076,1909f56bfc062723c751e8b465ee728b)  -> (artifact id: '7e4d7fe22910d467ba5e81c054f5d7e2') in 0.038048 seconds 
========================================================================
Received Import Request.
  Time since last request: 0.000174 seconds.
  path: Assets/Own_Assets/teddybeer.fbx
  artifactKey: Guid(b3ec2a05b2057b54da7645161c08ca9d) Importer(815301076,1909f56bfc062723c751e8b465ee728b)
Start importing Assets/Own_Assets/teddybeer.fbx using Guid(b3ec2a05b2057b54da7645161c08ca9d) Importer(815301076,1909f56bfc062723c751e8b465ee728b)  -> (artifact id: 'afcfd74440164f1ebc5aa745664e137f') in 0.147258 seconds 
========================================================================
Received Import Request.
  Time since last request: 0.000165 seconds.
  path: Assets/Own_Assets/kruk02.fbx
  artifactKey: Guid(9537d2f935cf5ea45a406a49b393d6e2) Importer(815301076,1909f56bfc062723c751e8b465ee728b)
Start importing Assets/Own_Assets/kruk02.fbx using Guid(9537d2f935cf5ea45a406a49b393d6e2) Importer(815301076,1909f56bfc062723c751e8b465ee728b)  -> (artifact id: '637159458e2eec3c9febfceffb35d005') in 0.030585 seconds 
========================================================================
Received Import Request.
  Time since last request: 0.000232 seconds.
  path: Assets/Own_Assets/Zaklamp.fbx
  artifactKey: Guid(cd70cb490e7e6944cab0cbc813f3ce7c) Importer(815301076,1909f56bfc062723c751e8b465ee728b)
Start importing Assets/Own_Assets/Zaklamp.fbx using Guid(cd70cb490e7e6944cab0cbc813f3ce7c) Importer(815301076,1909f56bfc062723c751e8b465ee728b)  -> (artifact id: 'ccf47deefd13d47d26597bb4ae2264e4') in 0.045557 seconds 
========================================================================
Received Import Request.
  Time since last request: 0.000203 seconds.
  path: Assets/Own_Assets/bedOuders.fbx
  artifactKey: Guid(452a9c16e34727c4985740be7f262c67) Importer(815301076,1909f56bfc062723c751e8b465ee728b)
Start importing Assets/Own_Assets/bedOuders.fbx using Guid(452a9c16e34727c4985740be7f262c67) Importer(815301076,1909f56bfc062723c751e8b465ee728b)  -> (artifact id: 'a8416c03e91ec8b1f4c52a8870e93924') in 0.114433 seconds 
========================================================================
Received Import Request.
  Time since last request: 0.000141 seconds.
  path: Assets/Own_Assets/parrents_closet.fbx
  artifactKey: Guid(79f890d5b59b549458cab0026ea73439) Importer(815301076,1909f56bfc062723c751e8b465ee728b)
Start importing Assets/Own_Assets/parrents_closet.fbx using Guid(79f890d5b59b549458cab0026ea73439) Importer(815301076,1909f56bfc062723c751e8b465ee728b)  -> (artifact id: '2d13d6d985670e2a592b7dd8f0c63275') in 0.131034 seconds 
========================================================================
Received Import Request.
  Time since last request: 0.000255 seconds.
  path: Assets/Own_Assets/stapelboeken.fbx
  artifactKey: Guid(7c6ac2f54a53a25408a773565c2df407) Importer(815301076,1909f56bfc062723c751e8b465ee728b)
Start importing Assets/Own_Assets/stapelboeken.fbx using Guid(7c6ac2f54a53a25408a773565c2df407) Importer(815301076,1909f56bfc062723c751e8b465ee728b)  -> (artifact id: 'e79378dacb9ee51eec9013c9160be309') in 0.050617 seconds 
========================================================================
Received Import Request.
  Time since last request: 0.000323 seconds.
  path: Assets/Own_Assets/Materials/Carpet01.mat
  artifactKey: Guid(e836888d42e661b4e9265f7a932a85f6) Importer(815301076,1909f56bfc062723c751e8b465ee728b)
Start importing Assets/Own_Assets/Materials/Carpet01.mat using Guid(e836888d42e661b4e9265f7a932a85f6) Importer(815301076,1909f56bfc062723c751e8b465ee728b)  -> (artifact id: '2a589b05ae587a0d026e918da8841581') in 0.023457 seconds 
========================================================================
Received Import Request.
  Time since last request: 0.000202 seconds.
  path: Assets/Own_Assets/KamerKind.fbx
  artifactKey: Guid(a898ad1fb393b0540a45d0a3797270be) Importer(815301076,1909f56bfc062723c751e8b465ee728b)
Start importing Assets/Own_Assets/KamerKind.fbx using Guid(a898ad1fb393b0540a45d0a3797270be) Importer(815301076,1909f56bfc062723c751e8b465ee728b)  -> (artifact id: 'd9fecadf5c44ffb3c2b7a437482ffb33') in 0.047659 seconds 
========================================================================
Received Import Request.
  Time since last request: 0.000182 seconds.
  path: Assets/Own_Assets/KamerOuders.fbx
  artifactKey: Guid(fa80ade27b925a44da7048ee317b19e0) Importer(815301076,1909f56bfc062723c751e8b465ee728b)
Start importing Assets/Own_Assets/KamerOuders.fbx using Guid(fa80ade27b925a44da7048ee317b19e0) Importer(815301076,1909f56bfc062723c751e8b465ee728b)  -> (artifact id: '38bcb923bfdba67e958a394d456cda06') in 0.055457 seconds 
========================================================================
Received Import Request.
  Time since last request: 0.000231 seconds.
  path: Assets/Own_Assets/Lampplafond.fbx
  artifactKey: Guid(a78d04c7f4fdffc4c8686e7c9933981f) Importer(815301076,1909f56bfc062723c751e8b465ee728b)
Start importing Assets/Own_Assets/Lampplafond.fbx using Guid(a78d04c7f4fdffc4c8686e7c9933981f) Importer(815301076,1909f56bfc062723c751e8b465ee728b)  -> (artifact id: '2975e04b569f06110160a63c3080730b') in 0.023185 seconds 
========================================================================
Received Import Request.
  Time since last request: 0.000186 seconds.
  path: Assets/Own_Assets/TV.fbx
  artifactKey: Guid(31a28bdea883c9742b39e2e601707dfe) Importer(815301076,1909f56bfc062723c751e8b465ee728b)
Start importing Assets/Own_Assets/TV.fbx using Guid(31a28bdea883c9742b39e2e601707dfe) Importer(815301076,1909f56bfc062723c751e8b465ee728b)  -> (artifact id: 'd275573413598f1edb7a0ff76c984e0c') in 0.059493 seconds 
========================================================================
Received Import Request.
  Time since last request: 0.000157 seconds.
  path: Assets/Own_Assets/Materials
  artifactKey: Guid(bdc0d248a417f394c8bcaf9827181179) Importer(815301076,1909f56bfc062723c751e8b465ee728b)
Start importing Assets/Own_Assets/Materials using Guid(bdc0d248a417f394c8bcaf9827181179) Importer(815301076,1909f56bfc062723c751e8b465ee728b)  -> (artifact id: 'af23c052d0976b0afc499934de2084cd') in 0.007269 seconds 
========================================================================
Received Import Request.
  Time since last request: 0.000174 seconds.
  path: Assets/Own_Assets/kruk01.fbx
  artifactKey: Guid(a2d1e8097a5152641a0c1f5ab8896c3e) Importer(815301076,1909f56bfc062723c751e8b465ee728b)
Start importing Assets/Own_Assets/kruk01.fbx using Guid(a2d1e8097a5152641a0c1f5ab8896c3e) Importer(815301076,1909f56bfc062723c751e8b465ee728b)  -> (artifact id: 'bac2b2000494f2c4665c1b3beb13c8c5') in 0.035609 seconds 
========================================================================
Received Import Request.
  Time since last request: 0.000383 seconds.
  path: Assets/Own_Assets/paintbrush.fbx
  artifactKey: Guid(3600dd18d7ce953448c8d698df867f2d) Importer(815301076,1909f56bfc062723c751e8b465ee728b)
Start importing Assets/Own_Assets/paintbrush.fbx using Guid(3600dd18d7ce953448c8d698df867f2d) Importer(815301076,1909f56bfc062723c751e8b465ee728b)  -> (artifact id: 'd1739edbb0b2b3bb253b7467b56d38c2') in 0.047477 seconds 
========================================================================
Received Import Request.
  Time since last request: 0.000297 seconds.
  path: Assets/Own_Assets/tekentafel.fbx
  artifactKey: Guid(b1990f10face65e4a851a6d36ecb6255) Importer(815301076,1909f56bfc062723c751e8b465ee728b)
Start importing Assets/Own_Assets/tekentafel.fbx using Guid(b1990f10face65e4a851a6d36ecb6255) Importer(815301076,1909f56bfc062723c751e8b465ee728b)  -> (artifact id: 'dfc340851937de8a98167bc2fc9fd2f7') in 0.037862 seconds 
========================================================================
Received Import Request.
  Time since last request: 0.000241 seconds.
  path: Assets/Own_Assets/Lamp04.fbx
  artifactKey: Guid(f45e85b830610ab4c9efdee0bc101908) Importer(815301076,1909f56bfc062723c751e8b465ee728b)
Start importing Assets/Own_Assets/Lamp04.fbx using Guid(f45e85b830610ab4c9efdee0bc101908) Importer(815301076,1909f56bfc062723c751e8b465ee728b)  -> (artifact id: '83f1d57673a4b3e63aa2625f094a6f0f') in 0.066517 seconds 
========================================================================
Received Import Request.
  Time since last request: 0.000322 seconds.
  path: Assets/Own_Assets/nightlight_crocodil.fbx
  artifactKey: Guid(e200b870132e0154d81d030eb83fd6e0) Importer(815301076,1909f56bfc062723c751e8b465ee728b)
Start importing Assets/Own_Assets/nightlight_crocodil.fbx using Guid(e200b870132e0154d81d030eb83fd6e0) Importer(815301076,1909f56bfc062723c751e8b465ee728b)  -> (artifact id: '2d38a41b56fde36141fb3c7efb270d73') in 0.268894 seconds 
========================================================================
Received Import Request.
  Time since last request: 0.000230 seconds.
  path: Assets/Own_Assets/paintbrush02.fbx
  artifactKey: Guid(c2f776192c852a140936e5c56274de09) Importer(815301076,1909f56bfc062723c751e8b465ee728b)
Start importing Assets/Own_Assets/paintbrush02.fbx using Guid(c2f776192c852a140936e5c56274de09) Importer(815301076,1909f56bfc062723c751e8b465ee728b)  -> (artifact id: 'bd9c43b108962e117c6d93caf8ecee9b') in 0.039216 seconds 
========================================================================
Received Import Request.
  Time since last request: 0.000672 seconds.
  path: Assets/Own_Assets/Rail.fbx
  artifactKey: Guid(fff9bf5f417905e468604b0455d5fec7) Importer(815301076,1909f56bfc062723c751e8b465ee728b)
Start importing Assets/Own_Assets/Rail.fbx using Guid(fff9bf5f417905e468604b0455d5fec7) Importer(815301076,1909f56bfc062723c751e8b465ee728b)  -> (artifact id: '8fb9f304b78bf2def28171b95c256734') in 0.027783 seconds 
========================================================================
Received Import Request.
  Time since last request: 0.000727 seconds.
  path: Assets/Own_Assets/Lamp02.fbx
  artifactKey: Guid(aaffa320345eef643912c0493f49d916) Importer(815301076,1909f56bfc062723c751e8b465ee728b)
Start importing Assets/Own_Assets/Lamp02.fbx using Guid(aaffa320345eef643912c0493f49d916) Importer(815301076,1909f56bfc062723c751e8b465ee728b)  -> (artifact id: 'd7744cac8797a51eca41ae3dfea6466a') in 0.050989 seconds 
========================================================================
Received Import Request.
  Time since last request: 0.000206 seconds.
  path: Assets/Own_Assets/DeurFrame.fbx
  artifactKey: Guid(37156716f455ce14cbb0398b854a66ff) Importer(815301076,1909f56bfc062723c751e8b465ee728b)
Start importing Assets/Own_Assets/DeurFrame.fbx using Guid(37156716f455ce14cbb0398b854a66ff) Importer(815301076,1909f56bfc062723c751e8b465ee728b)  -> (artifact id: 'b2af8e42bf5d1a86781e51fb2b9346a6') in 0.030093 seconds 
========================================================================
Received Import Request.
  Time since last request: 0.000178 seconds.
  path: Assets/Own_Assets/KamerGang.fbx
  artifactKey: Guid(286de20d25cec0d4d9ac3f50552311d2) Importer(815301076,1909f56bfc062723c751e8b465ee728b)
Start importing Assets/Own_Assets/KamerGang.fbx using Guid(286de20d25cec0d4d9ac3f50552311d2) Importer(815301076,1909f56bfc062723c751e8b465ee728b)  -> (artifact id: '9672a63899f66a2ca6af23aa49f1b2a7') in 0.054263 seconds 
========================================================================
Received Import Request.
  Time since last request: 0.000162 seconds.
  path: Assets/Own_Assets/tekenbord.fbx
  artifactKey: Guid(27a8aaee7fc901b4dbb4c70322ea66cb) Importer(815301076,1909f56bfc062723c751e8b465ee728b)
Start importing Assets/Own_Assets/tekenbord.fbx using Guid(27a8aaee7fc901b4dbb4c70322ea66cb) Importer(815301076,1909f56bfc062723c751e8b465ee728b)  -> (artifact id: 'c46f9171ee2d17086ef2bf50ff11b1e8') in 0.042673 seconds 
========================================================================
Received Import Request.
  Time since last request: 0.000179 seconds.
  path: Assets/Own_Assets/test02.mat
  artifactKey: Guid(f9f0d6cf54ac52c4986d36b2b542767e) Importer(815301076,1909f56bfc062723c751e8b465ee728b)
Start importing Assets/Own_Assets/test02.mat using Guid(f9f0d6cf54ac52c4986d36b2b542767e) Importer(815301076,1909f56bfc062723c751e8b465ee728b)  -> (artifact id: 'b502b7bf2256607fa49e44b9e6585499') in 0.021058 seconds 
========================================================================
Received Import Request.
  Time since last request: 0.000333 seconds.
  path: Assets/Own_Assets/suitcase.fbx
  artifactKey: Guid(f77dde2d676c7f940bbc684c26fa58d7) Importer(815301076,1909f56bfc062723c751e8b465ee728b)
Start importing Assets/Own_Assets/suitcase.fbx using Guid(f77dde2d676c7f940bbc684c26fa58d7) Importer(815301076,1909f56bfc062723c751e8b465ee728b)  -> (artifact id: 'c5fdabadc9faca2ebb860878154f0ca7') in 0.056559 seconds 
========================================================================
Received Import Request.
  Time since last request: 0.000203 seconds.
  path: Assets/Own_Assets/Materials/cartoon-galaxy-achtergrond_23-2148973053.jpg
  artifactKey: Guid(0dc36b6abc92668439cb096c955e89e8) Importer(815301076,1909f56bfc062723c751e8b465ee728b)
Start importing Assets/Own_Assets/Materials/cartoon-galaxy-achtergrond_23-2148973053.jpg using Guid(0dc36b6abc92668439cb096c955e89e8) Importer(815301076,1909f56bfc062723c751e8b465ee728b)  -> (artifact id: 'c3aeec3d499a225cd51e5ebbfb143e58') in 0.036205 seconds 
========================================================================
Received Import Request.
  Time since last request: 0.000149 seconds.
  path: Assets/Own_Assets/BureauKind.fbx
  artifactKey: Guid(b9477a788acdb2247b4135c92ddadeae) Importer(815301076,1909f56bfc062723c751e8b465ee728b)
Start importing Assets/Own_Assets/BureauKind.fbx using Guid(b9477a788acdb2247b4135c92ddadeae) Importer(815301076,1909f56bfc062723c751e8b465ee728b)  -> (artifact id: 'a7444cd29513603019a9c420fcef4cc8') in 0.136300 seconds 
========================================================================
Received Import Request.
  Time since last request: 0.000167 seconds.
  path: Assets/Own_Assets/Lamp03.fbx
  artifactKey: Guid(40e021591e6373f4f8c6a8424a1370a0) Importer(815301076,1909f56bfc062723c751e8b465ee728b)
Start importing Assets/Own_Assets/Lamp03.fbx using Guid(40e021591e6373f4f8c6a8424a1370a0) Importer(815301076,1909f56bfc062723c751e8b465ee728b)  -> (artifact id: '07ebb90a292434addc78325fdb654c8c') in 0.051554 seconds 
========================================================================
Received Import Request.
  Time since last request: 0.000270 seconds.
  path: Assets/Own_Assets/Materials/modern-gray-carpet-texture-background-close-up-modern-gray-carpet-texture-background-174839438.jpg
  artifactKey: Guid(ad93bc4a5f931f243a921c0b4313240e) Importer(815301076,1909f56bfc062723c751e8b465ee728b)
Start importing Assets/Own_Assets/Materials/modern-gray-carpet-texture-background-close-up-modern-gray-carpet-texture-background-174839438.jpg using Guid(ad93bc4a5f931f243a921c0b4313240e) Importer(815301076,1909f56bfc062723c751e8b465ee728b)  -> (artifact id: '14db4d97ac7581b8d05aca073a0da900') in 0.018019 seconds 
========================================================================
Received Import Request.
  Time since last request: 0.000273 seconds.
  path: Assets/Own_Assets/trap.fbx
  artifactKey: Guid(29354a3c34a1c574a976eb72f74c8272) Importer(815301076,1909f56bfc062723c751e8b465ee728b)
Start importing Assets/Own_Assets/trap.fbx using Guid(29354a3c34a1c574a976eb72f74c8272) Importer(815301076,1909f56bfc062723c751e8b465ee728b)  -> (artifact id: '08df5cea3fee09c29c4849defc7bb9cf') in 0.027012 seconds 
========================================================================
Received Import Request.
  Time since last request: 0.000408 seconds.
  path: Assets/Own_Assets/boxSpeelgoed.fbx
  artifactKey: Guid(87f3602eefa10414a86434e40e9f6f8c) Importer(815301076,1909f56bfc062723c751e8b465ee728b)
Start importing Assets/Own_Assets/boxSpeelgoed.fbx using Guid(87f3602eefa10414a86434e40e9f6f8c) Importer(815301076,1909f56bfc062723c751e8b465ee728b)  -> (artifact id: '28b9b3ff374391718085a3d4c21bf8f9') in 0.051677 seconds 
========================================================================
Received Import Request.
  Time since last request: 0.000269 seconds.
  path: Assets/Own_Assets/Materials/wood-texture-1143636.jpg
  artifactKey: Guid(3e4fe4c62b5d1f74da272962b9fcae90) Importer(815301076,1909f56bfc062723c751e8b465ee728b)
Start importing Assets/Own_Assets/Materials/wood-texture-1143636.jpg using Guid(3e4fe4c62b5d1f74da272962b9fcae90) Importer(815301076,1909f56bfc062723c751e8b465ee728b)  -> (artifact id: '98db20eff854425465c5d5c49cc2eacc') in 0.020060 seconds 
========================================================================
Received Import Request.
  Time since last request: 0.000231 seconds.
  path: Assets/Own_Assets/Materials/KidsRoom.mat
  artifactKey: Guid(2fc4e68b9c2576f4a85e92768841e950) Importer(815301076,1909f56bfc062723c751e8b465ee728b)
Start importing Assets/Own_Assets/Materials/KidsRoom.mat using Guid(2fc4e68b9c2576f4a85e92768841e950) Importer(815301076,1909f56bfc062723c751e8b465ee728b)  -> (artifact id: '4665ec437efcf1f199d4c1a0226cdbbf') in 0.021209 seconds 
========================================================================
Received Import Request.
  Time since last request: 0.000237 seconds.
  path: Assets/Own_Assets/carpet_kids_room.fbx
  artifactKey: Guid(18b617f0c4d6bc44aa18898af00c0cb5) Importer(815301076,1909f56bfc062723c751e8b465ee728b)
Start importing Assets/Own_Assets/carpet_kids_room.fbx using Guid(18b617f0c4d6bc44aa18898af00c0cb5) Importer(815301076,1909f56bfc062723c751e8b465ee728b)  -> (artifact id: 'e509c9bed3ef1a50db49724222cf2771') in 0.043860 seconds 
========================================================================
Received Import Request.
  Time since last request: 0.000483 seconds.
  path: Assets/Own_Assets/Nachtkastje.fbx
  artifactKey: Guid(c1b336f7d26171240b4e7b9c0815658b) Importer(815301076,1909f56bfc062723c751e8b465ee728b)
Start importing Assets/Own_Assets/Nachtkastje.fbx using Guid(c1b336f7d26171240b4e7b9c0815658b) Importer(815301076,1909f56bfc062723c751e8b465ee728b)  -> (artifact id: 'ef2a5c0e5712084b8b79f52878abff0a') in 0.036219 seconds 
========================================================================
Received Import Request.
  Time since last request: 0.000194 seconds.
  path: Assets/Own_Assets/Blauwbeker.fbx
  artifactKey: Guid(91401f9fe57897f44b2bf5002e008db5) Importer(815301076,1909f56bfc062723c751e8b465ee728b)
Start importing Assets/Own_Assets/Blauwbeker.fbx using Guid(91401f9fe57897f44b2bf5002e008db5) Importer(815301076,1909f56bfc062723c751e8b465ee728b)  -> (artifact id: '95e72d8e775a8035b23d08ee5b1971ce') in 0.034472 seconds 
========================================================================
Received Import Request.
  Time since last request: 0.000182 seconds.
  path: Assets/Own_Assets/one_book.fbx
  artifactKey: Guid(ef97d610cead03c4399effa95892a233) Importer(815301076,1909f56bfc062723c751e8b465ee728b)
Start importing Assets/Own_Assets/one_book.fbx using Guid(ef97d610cead03c4399effa95892a233) Importer(815301076,1909f56bfc062723c751e8b465ee728b)  -> (artifact id: '153ed9413bbc1e427d2c96ecb09e1ece') in 0.052929 seconds 
========================================================================
Received Import Request.
  Time since last request: 0.000226 seconds.
  path: Assets/Own_Assets/Nutcraker.fbx
  artifactKey: Guid(c4a6e232f4676ce4ca9f8f37a8da3789) Importer(815301076,1909f56bfc062723c751e8b465ee728b)
Start importing Assets/Own_Assets/Nutcraker.fbx using Guid(c4a6e232f4676ce4ca9f8f37a8da3789) Importer(815301076,1909f56bfc062723c751e8b465ee728b)  -> (artifact id: '067dde88ddd71cff314efd8d18acc1ec') in 0.082494 seconds 
========================================================================
Received Import Request.
  Time since last request: 0.000200 seconds.
  path: Assets/Own_Assets/tent.fbx
  artifactKey: Guid(7c0b7a5bfc2307a4d80021de6acb34b6) Importer(815301076,1909f56bfc062723c751e8b465ee728b)
Start importing Assets/Own_Assets/tent.fbx using Guid(7c0b7a5bfc2307a4d80021de6acb34b6) Importer(815301076,1909f56bfc062723c751e8b465ee728b)  -> (artifact id: '0dfff48b699be86a4d386a40b8c78a45') in 0.056135 seconds 
========================================================================
Received Import Request.
  Time since last request: 0.000160 seconds.
  path: Assets/Own_Assets/paintbrush03.fbx
  artifactKey: Guid(70d3b64625a74b3459be17badcfe103d) Importer(815301076,1909f56bfc062723c751e8b465ee728b)
Start importing Assets/Own_Assets/paintbrush03.fbx using Guid(70d3b64625a74b3459be17badcfe103d) Importer(815301076,1909f56bfc062723c751e8b465ee728b)  -> (artifact id: '99f5aa32a8b444c8fc78acd9ea921426') in 0.038356 seconds 
========================================================================
Received Import Request.
  Time since last request: 0.001393 seconds.
  path: Assets/Own_Assets/Plafondspeelgoed.fbx
  artifactKey: Guid(98f2f4d179ddd4045b85d67ea0d716cd) Importer(815301076,1909f56bfc062723c751e8b465ee728b)
Start importing Assets/Own_Assets/Plafondspeelgoed.fbx using Guid(98f2f4d179ddd4045b85d67ea0d716cd) Importer(815301076,1909f56bfc062723c751e8b465ee728b)  -> (artifact id: 'bd9d886a6ecc39cb0197b3905e74e89c') in 0.191773 seconds 
========================================================================
Received Import Request.
  Time since last request: 0.000194 seconds.
  path: Assets/Own_Assets/Ipad.fbx
  artifactKey: Guid(8ffcfb88b2dac404189082be333dd08b) Importer(815301076,1909f56bfc062723c751e8b465ee728b)
Start importing Assets/Own_Assets/Ipad.fbx using Guid(8ffcfb88b2dac404189082be333dd08b) Importer(815301076,1909f56bfc062723c751e8b465ee728b)  -> (artifact id: '909c6e0c97e28088c965cb783737d308') in 0.071142 seconds 
========================================================================
Received Import Request.
  Time since last request: 0.000126 seconds.
  path: Assets/Own_Assets/Speelgoedplank.fbx
  artifactKey: Guid(902918760865e09488ff8ce727eda251) Importer(815301076,1909f56bfc062723c751e8b465ee728b)
Start importing Assets/Own_Assets/Speelgoedplank.fbx using Guid(902918760865e09488ff8ce727eda251) Importer(815301076,1909f56bfc062723c751e8b465ee728b)  -> (artifact id: 'beb0ef41e706c0c34da88e082da482fe') in 0.128970 seconds 
========================================================================
Received Import Request.
  Time since last request: 0.000154 seconds.
  path: Assets/Own_Assets/Materials/Glass.mat
  artifactKey: Guid(1cc930777fe50c44ba07acccb74bb15f) Importer(815301076,1909f56bfc062723c751e8b465ee728b)
Start importing Assets/Own_Assets/Materials/Glass.mat using Guid(1cc930777fe50c44ba07acccb74bb15f) Importer(815301076,1909f56bfc062723c751e8b465ee728b)  -> (artifact id: '46994c3659d1c9de00e6d715cf6d937b') in 0.232911 seconds 
========================================================================
Received Import Request.
  Time since last request: 0.000158 seconds.
  path: Assets/Own_Assets/kids_clothing_closet.fbx
  artifactKey: Guid(bee7cbe220a929f4ab101e90d2ae7d98) Importer(815301076,1909f56bfc062723c751e8b465ee728b)
Start importing Assets/Own_Assets/kids_clothing_closet.fbx using Guid(bee7cbe220a929f4ab101e90d2ae7d98) Importer(815301076,1909f56bfc062723c751e8b465ee728b)  -> (artifact id: 'da0a1d17e8fae529a79c78edff593002') in 0.096769 seconds 
========================================================================
Received Import Request.
  Time since last request: 0.000154 seconds.
  path: Assets/Own_Assets/benedenKamer.fbx
  artifactKey: Guid(aed7fc1a618cb75439e89ae415bfd392) Importer(815301076,1909f56bfc062723c751e8b465ee728b)
Start importing Assets/Own_Assets/benedenKamer.fbx using Guid(aed7fc1a618cb75439e89ae415bfd392) Importer(815301076,1909f56bfc062723c751e8b465ee728b)  -> (artifact id: '58c269daae8eca6c739d2616d6584a0d') in 0.022446 seconds 
========================================================================
Received Import Request.
  Time since last request: 0.000243 seconds.
  path: Assets/Own_Assets/Lamp01.fbx
  artifactKey: Guid(cca1cc17a7084fe48bcc260b681462ab) Importer(815301076,1909f56bfc062723c751e8b465ee728b)
Start importing Assets/Own_Assets/Lamp01.fbx using Guid(cca1cc17a7084fe48bcc260b681462ab) Importer(815301076,1909f56bfc062723c751e8b465ee728b)  -> (artifact id: '02259f495d56360f4c9cc69f4daa62f3') in 0.051702 seconds 
========================================================================
Received Import Request.
  Time since last request: 480.091938 seconds.
  path: Assets/Own_Assets/Materials/Carpet01.mat
  artifactKey: Guid(e836888d42e661b4e9265f7a932a85f6) Importer(815301076,1909f56bfc062723c751e8b465ee728b)
Start importing Assets/Own_Assets/Materials/Carpet01.mat using Guid(e836888d42e661b4e9265f7a932a85f6) Importer(815301076,1909f56bfc062723c751e8b465ee728b)  -> (artifact id: '3a60cfaa0c1628063a82cd9ccd214e61') in 0.019014 seconds 
========================================================================
Received Import Request.
  Time since last request: 0.000600 seconds.
  path: Assets/Own_Assets/Materials/KidsRoom.mat
  artifactKey: Guid(2fc4e68b9c2576f4a85e92768841e950) Importer(815301076,1909f56bfc062723c751e8b465ee728b)
Start importing Assets/Own_Assets/Materials/KidsRoom.mat using Guid(2fc4e68b9c2576f4a85e92768841e950) Importer(815301076,1909f56bfc062723c751e8b465ee728b)  -> (artifact id: 'f9c20158b58f110b0d78df1368c81882') in 0.016280 seconds 
========================================================================
Received Prepare
Registering precompiled user dll's ...
Registered in 0.004561 seconds.
Begin MonoManager ReloadAssembly
Native extension for WindowsStandalone target not found
Refreshing native plugins compatible for Editor in 0.53 ms, found 5 plugins.
Preloading 0 native plugins for Editor in 0.00 ms.
Mono: successfully reloaded assembly
- Completed reload, in  1.131 seconds
Platform modules already initialized, skipping
Refreshing native plugins compatible for Editor in 0.57 ms, found 5 plugins.
Preloading 0 native plugins for Editor in 0.00 ms.
Unloading 1934 Unused Serialized files (Serialized files now loaded: 0)
System memory in use before: 100.3 MB.
System memory in use after: 98.4 MB.

Unloading 44 unused Assets to reduce memory usage. Loaded Objects now: 2500.
Total: 2.751700 ms (FindLiveObjects: 0.169700 ms CreateObjectMapping: 0.087600 ms MarkObjects: 1.975100 ms  DeleteObjects: 0.518300 ms)

========================================================================
Received Prepare
Registering precompiled user dll's ...
Registered in 0.005052 seconds.
Begin MonoManager ReloadAssembly
Native extension for WindowsStandalone target not found
Refreshing native plugins compatible for Editor in 0.55 ms, found 5 plugins.
Preloading 0 native plugins for Editor in 0.00 ms.
Mono: successfully reloaded assembly
- Completed reload, in  1.205 seconds
Platform modules already initialized, skipping
Refreshing native plugins compatible for Editor in 0.62 ms, found 5 plugins.
Preloading 0 native plugins for Editor in 0.00 ms.
Unloading 1931 Unused Serialized files (Serialized files now loaded: 0)
System memory in use before: 100.2 MB.
System memory in use after: 98.3 MB.

Unloading 44 unused Assets to reduce memory usage. Loaded Objects now: 2503.
Total: 3.549500 ms (FindLiveObjects: 0.313700 ms CreateObjectMapping: 0.117500 ms MarkObjects: 2.467300 ms  DeleteObjects: 0.650000 ms)

========================================================================
Received Prepare
Registering precompiled user dll's ...
Registered in 0.005031 seconds.
Begin MonoManager ReloadAssembly
Native extension for WindowsStandalone target not found
Refreshing native plugins compatible for Editor in 0.97 ms, found 5 plugins.
Preloading 0 native plugins for Editor in 0.00 ms.
Mono: successfully reloaded assembly
- Completed reload, in  1.211 seconds
Platform modules already initialized, skipping
Refreshing native plugins compatible for Editor in 0.67 ms, found 5 plugins.
Preloading 0 native plugins for Editor in 0.00 ms.
Unloading 1931 Unused Serialized files (Serialized files now loaded: 0)
System memory in use before: 100.2 MB.
System memory in use after: 98.3 MB.

Unloading 44 unused Assets to reduce memory usage. Loaded Objects now: 2506.
Total: 2.551800 ms (FindLiveObjects: 0.171800 ms CreateObjectMapping: 0.076200 ms MarkObjects: 1.795000 ms  DeleteObjects: 0.507900 ms)

========================================================================
Received Prepare
Registering precompiled user dll's ...
Registered in 0.005373 seconds.
Begin MonoManager ReloadAssembly
Native extension for WindowsStandalone target not found
Refreshing native plugins compatible for Editor in 0.90 ms, found 5 plugins.
Preloading 0 native plugins for Editor in 0.00 ms.
Mono: successfully reloaded assembly
- Completed reload, in  1.253 seconds
Platform modules already initialized, skipping
Refreshing native plugins compatible for Editor in 0.64 ms, found 5 plugins.
Preloading 0 native plugins for Editor in 0.00 ms.
Unloading 1931 Unused Serialized files (Serialized files now loaded: 0)
System memory in use before: 100.2 MB.
System memory in use after: 98.3 MB.

Unloading 44 unused Assets to reduce memory usage. Loaded Objects now: 2509.
Total: 3.043400 ms (FindLiveObjects: 0.249900 ms CreateObjectMapping: 0.091000 ms MarkObjects: 2.050400 ms  DeleteObjects: 0.651100 ms)

========================================================================
Received Prepare
Registering precompiled user dll's ...
Registered in 0.005080 seconds.
Begin MonoManager ReloadAssembly
Native extension for WindowsStandalone target not found
Refreshing native plugins compatible for Editor in 0.74 ms, found 5 plugins.
Preloading 0 native plugins for Editor in 0.00 ms.
Mono: successfully reloaded assembly
- Completed reload, in  1.161 seconds
Platform modules already initialized, skipping
Refreshing native plugins compatible for Editor in 0.82 ms, found 5 plugins.
Preloading 0 native plugins for Editor in 0.00 ms.
Unloading 1931 Unused Serialized files (Serialized files now loaded: 0)
System memory in use before: 100.2 MB.
System memory in use after: 98.3 MB.

Unloading 44 unused Assets to reduce memory usage. Loaded Objects now: 2512.
Total: 3.178800 ms (FindLiveObjects: 0.219400 ms CreateObjectMapping: 0.087000 ms MarkObjects: 2.223100 ms  DeleteObjects: 0.648300 ms)

========================================================================
Received Prepare
Registering precompiled user dll's ...
Registered in 0.005192 seconds.
Begin MonoManager ReloadAssembly
Native extension for WindowsStandalone target not found
Refreshing native plugins compatible for Editor in 0.86 ms, found 5 plugins.
Preloading 0 native plugins for Editor in 0.00 ms.
Mono: successfully reloaded assembly
- Completed reload, in  1.129 seconds
Platform modules already initialized, skipping
Refreshing native plugins compatible for Editor in 0.90 ms, found 5 plugins.
Preloading 0 native plugins for Editor in 0.00 ms.
Unloading 1931 Unused Serialized files (Serialized files now loaded: 0)
System memory in use before: 100.2 MB.
System memory in use after: 98.3 MB.

Unloading 44 unused Assets to reduce memory usage. Loaded Objects now: 2515.
Total: 6.256600 ms (FindLiveObjects: 0.331900 ms CreateObjectMapping: 0.199500 ms MarkObjects: 4.594700 ms  DeleteObjects: 1.128900 ms)

========================================================================
Received Prepare
Registering precompiled user dll's ...
Registered in 0.005148 seconds.
Begin MonoManager ReloadAssembly
Native extension for WindowsStandalone target not found
Refreshing native plugins compatible for Editor in 0.61 ms, found 5 plugins.
Preloading 0 native plugins for Editor in 0.00 ms.
Mono: successfully reloaded assembly
- Completed reload, in  1.274 seconds
Platform modules already initialized, skipping
Refreshing native plugins compatible for Editor in 1.64 ms, found 5 plugins.
Preloading 0 native plugins for Editor in 0.00 ms.
Unloading 1931 Unused Serialized files (Serialized files now loaded: 0)
System memory in use before: 100.2 MB.
System memory in use after: 98.3 MB.

Unloading 44 unused Assets to reduce memory usage. Loaded Objects now: 2518.
Total: 5.696600 ms (FindLiveObjects: 0.666200 ms CreateObjectMapping: 0.264400 ms MarkObjects: 3.821900 ms  DeleteObjects: 0.940800 ms)

========================================================================
Received Prepare
Registering precompiled user dll's ...
Registered in 0.005018 seconds.
Begin MonoManager ReloadAssembly
Native extension for WindowsStandalone target not found
Refreshing native plugins compatible for Editor in 0.65 ms, found 5 plugins.
Preloading 0 native plugins for Editor in 0.00 ms.
Mono: successfully reloaded assembly
- Completed reload, in  1.147 seconds
Platform modules already initialized, skipping
Refreshing native plugins compatible for Editor in 0.69 ms, found 5 plugins.
Preloading 0 native plugins for Editor in 0.00 ms.
Unloading 1931 Unused Serialized files (Serialized files now loaded: 0)
System memory in use before: 100.3 MB.
System memory in use after: 98.3 MB.

Unloading 44 unused Assets to reduce memory usage. Loaded Objects now: 2521.
Total: 3.434900 ms (FindLiveObjects: 0.264500 ms CreateObjectMapping: 0.120300 ms MarkObjects: 2.240200 ms  DeleteObjects: 0.808700 ms)

========================================================================
Received Prepare
Registering precompiled user dll's ...
Registered in 0.005079 seconds.
Begin MonoManager ReloadAssembly
Native extension for WindowsStandalone target not found
Refreshing native plugins compatible for Editor in 0.58 ms, found 5 plugins.
Preloading 0 native plugins for Editor in 0.00 ms.
Mono: successfully reloaded assembly
- Completed reload, in  1.170 seconds
Platform modules already initialized, skipping
Refreshing native plugins compatible for Editor in 0.72 ms, found 5 plugins.
Preloading 0 native plugins for Editor in 0.00 ms.
Unloading 1931 Unused Serialized files (Serialized files now loaded: 0)
System memory in use before: 100.3 MB.
System memory in use after: 98.4 MB.

Unloading 44 unused Assets to reduce memory usage. Loaded Objects now: 2524.
Total: 3.922100 ms (FindLiveObjects: 0.227500 ms CreateObjectMapping: 0.152400 ms MarkObjects: 2.872900 ms  DeleteObjects: 0.668100 ms)

========================================================================
Received Prepare
Registering precompiled user dll's ...
Registered in 0.005581 seconds.
Begin MonoManager ReloadAssembly
Native extension for WindowsStandalone target not found
Refreshing native plugins compatible for Editor in 0.65 ms, found 5 plugins.
Preloading 0 native plugins for Editor in 0.00 ms.
Mono: successfully reloaded assembly
- Completed reload, in  1.315 seconds
Platform modules already initialized, skipping
Refreshing native plugins compatible for Editor in 1.71 ms, found 5 plugins.
Preloading 0 native plugins for Editor in 0.00 ms.
Unloading 1931 Unused Serialized files (Serialized files now loaded: 0)
System memory in use before: 100.3 MB.
System memory in use after: 98.4 MB.

Unloading 44 unused Assets to reduce memory usage. Loaded Objects now: 2527.
Total: 5.082500 ms (FindLiveObjects: 0.208400 ms CreateObjectMapping: 0.172700 ms MarkObjects: 3.733400 ms  DeleteObjects: 0.966800 ms)

========================================================================
Received Import Request.
  Time since last request: 1941.805822 seconds.
  path: ProjectSettings/TagManager.asset
  artifactKey: Guid(00000000000000003000000000000000) Importer(815301076,1909f56bfc062723c751e8b465ee728b)
Start importing ProjectSettings/TagManager.asset using Guid(00000000000000003000000000000000) Importer(815301076,1909f56bfc062723c751e8b465ee728b)  -> (artifact id: '2020c3c926d1969f00e083757dd6d480') in 0.078891 seconds 
========================================================================
Received Import Request.
  Time since last request: 52.910023 seconds.
  path: Assets/Own_Assets/Playblocks
  artifactKey: Guid(6637db53d2df7484a9ea79b987688c4b) Importer(815301076,1909f56bfc062723c751e8b465ee728b)
Start importing Assets/Own_Assets/Playblocks using Guid(6637db53d2df7484a9ea79b987688c4b) Importer(815301076,1909f56bfc062723c751e8b465ee728b)  -> (artifact id: '7aab7dc53d191334886a76c2e9889e17') in 0.007962 seconds 
========================================================================
Received Import Request.
  Time since last request: 0.302628 seconds.
  path: Assets/Own_Assets/Playblocks/babyfoon.fbx
  artifactKey: Guid(5787a60722df1254d9322595de7c5bc5) Importer(815301076,1909f56bfc062723c751e8b465ee728b)
Start importing Assets/Own_Assets/Playblocks/babyfoon.fbx using Guid(5787a60722df1254d9322595de7c5bc5) Importer(815301076,1909f56bfc062723c751e8b465ee728b)  -> (artifact id: 'd1e3fe3d432cbcdb91795b2ece3698d1') in 0.105008 seconds 
========================================================================
Received Import Request.
  Time since last request: 0.000121 seconds.
  path: Assets/Own_Assets/Playblocks/Playblock_orange.fbx
  artifactKey: Guid(2492a73d6c9c1c84695633c1423b020a) Importer(815301076,1909f56bfc062723c751e8b465ee728b)
Start importing Assets/Own_Assets/Playblocks/Playblock_orange.fbx using Guid(2492a73d6c9c1c84695633c1423b020a) Importer(815301076,1909f56bfc062723c751e8b465ee728b)  -> (artifact id: 'ab897275d4dc3a01f4880f95b66edf05') in 0.039678 seconds 
========================================================================
Received Import Request.
  Time since last request: 0.000284 seconds.
  path: Assets/Own_Assets/Playblocks/Playblock_red.fbx
  artifactKey: Guid(397a86f8e4890864aafafbc613553a3c) Importer(815301076,1909f56bfc062723c751e8b465ee728b)
Start importing Assets/Own_Assets/Playblocks/Playblock_red.fbx using Guid(397a86f8e4890864aafafbc613553a3c) Importer(815301076,1909f56bfc062723c751e8b465ee728b)  -> (artifact id: '5ba0193c4ca9447f0e9224a5934e2c7b') in 0.063430 seconds 
========================================================================
Received Import Request.
  Time since last request: 0.000205 seconds.
  path: Assets/Own_Assets/Playblocks/babyfoon_V2.fbx
  artifactKey: Guid(13ec820a347d6ca4bbff978bf0411432) Importer(815301076,1909f56bfc062723c751e8b465ee728b)
Start importing Assets/Own_Assets/Playblocks/babyfoon_V2.fbx using Guid(13ec820a347d6ca4bbff978bf0411432) Importer(815301076,1909f56bfc062723c751e8b465ee728b)  -> (artifact id: '3622bf5ce3ac660ff13e35e30e020d48') in 0.076143 seconds 
========================================================================
Received Import Request.
  Time since last request: 0.000234 seconds.
  path: Assets/Own_Assets/Playblocks/Playblock_green.fbx
  artifactKey: Guid(8c4a4e7b70804954dbe8ee25019a9c44) Importer(815301076,1909f56bfc062723c751e8b465ee728b)
Start importing Assets/Own_Assets/Playblocks/Playblock_green.fbx using Guid(8c4a4e7b70804954dbe8ee25019a9c44) Importer(815301076,1909f56bfc062723c751e8b465ee728b)  -> (artifact id: '9c6992d88fb13a62cbaa23642ba40be1') in 0.038711 seconds 
========================================================================
Received Import Request.
  Time since last request: 0.000481 seconds.
  path: Assets/Own_Assets/Playblocks/Playblock_yellow.fbx
  artifactKey: Guid(025d1d554f1fc3d42b30a709bacc6eee) Importer(815301076,1909f56bfc062723c751e8b465ee728b)
Start importing Assets/Own_Assets/Playblocks/Playblock_yellow.fbx using Guid(025d1d554f1fc3d42b30a709bacc6eee) Importer(815301076,1909f56bfc062723c751e8b465ee728b)  -> (artifact id: '1c56dc89f4af0cb78de3dc1266ed1f37') in 0.047883 seconds 
========================================================================
Received Import Request.
  Time since last request: 0.000216 seconds.
  path: Assets/Own_Assets/Playblocks/Playblock_blue.fbx
  artifactKey: Guid(8c88f9432a2df7849b4646b6e6aef5df) Importer(815301076,1909f56bfc062723c751e8b465ee728b)
Start importing Assets/Own_Assets/Playblocks/Playblock_blue.fbx using Guid(8c88f9432a2df7849b4646b6e6aef5df) Importer(815301076,1909f56bfc062723c751e8b465ee728b)  -> (artifact id: 'a0209b6415f71adf75e6b89f2a1e5896') in 0.045622 seconds 
========================================================================
Received Import Request.
  Time since last request: 0.000554 seconds.
  path: Assets/Own_Assets/Playblocks/Playblock_light_blue.fbx
  artifactKey: Guid(8d06d56e86e8bc24a9627f91fcd4e29c) Importer(815301076,1909f56bfc062723c751e8b465ee728b)
Start importing Assets/Own_Assets/Playblocks/Playblock_light_blue.fbx using Guid(8d06d56e86e8bc24a9627f91fcd4e29c) Importer(815301076,1909f56bfc062723c751e8b465ee728b)  -> (artifact id: '92548e3ddb58e00ea378e8137136c7db') in 0.045763 seconds 
========================================================================
Received Import Request.
  Time since last request: 10.545489 seconds.
  path: Assets/Own_Assets/Playblocks/ouder.asset
  artifactKey: Guid(56576992204c5a946881b836733e42fc) Importer(815301076,1909f56bfc062723c751e8b465ee728b)
Start importing Assets/Own_Assets/Playblocks/ouder.asset using Guid(56576992204c5a946881b836733e42fc) Importer(815301076,1909f56bfc062723c751e8b465ee728b)  -> (artifact id: '140e076f979b7ebc0b5edaeefecb545a') in 0.011721 seconds 
========================================================================
Received Import Request.
  Time since last request: 4.562051 seconds.
  path: Assets/Own_Assets/Playblocks/ouder.asset
  artifactKey: Guid(56576992204c5a946881b836733e42fc) Importer(815301076,1909f56bfc062723c751e8b465ee728b)
Start importing Assets/Own_Assets/Playblocks/ouder.asset using Guid(56576992204c5a946881b836733e42fc) Importer(815301076,1909f56bfc062723c751e8b465ee728b)  -> (artifact id: '980cf92068a63649020ce653abf78447') in 0.011819 seconds 
========================================================================
Received Import Request.
  Time since last request: 5.145787 seconds.
  path: Assets/Own_Assets/Playblocks/ouder.asset
  artifactKey: Guid(56576992204c5a946881b836733e42fc) Importer(815301076,1909f56bfc062723c751e8b465ee728b)
Start importing Assets/Own_Assets/Playblocks/ouder.asset using Guid(56576992204c5a946881b836733e42fc) Importer(815301076,1909f56bfc062723c751e8b465ee728b)  -> (artifact id: '528f31782f76e63de10d3fef4c35d725') in 0.019473 seconds 
========================================================================
Received Import Request.
  Time since last request: 5.880036 seconds.
  path: Assets/Own_Assets/Playblocks/ouder.asset
  artifactKey: Guid(56576992204c5a946881b836733e42fc) Importer(815301076,1909f56bfc062723c751e8b465ee728b)
Start importing Assets/Own_Assets/Playblocks/ouder.asset using Guid(56576992204c5a946881b836733e42fc) Importer(815301076,1909f56bfc062723c751e8b465ee728b)  -> (artifact id: '2c4da1014a0e568d261eb374e1d81ce8') in 0.006053 seconds 
========================================================================
Received Import Request.
  Time since last request: 2.412221 seconds.
  path: Assets/Own_Assets/Playblocks/ouder.asset
  artifactKey: Guid(56576992204c5a946881b836733e42fc) Importer(815301076,1909f56bfc062723c751e8b465ee728b)
Start importing Assets/Own_Assets/Playblocks/ouder.asset using Guid(56576992204c5a946881b836733e42fc) Importer(815301076,1909f56bfc062723c751e8b465ee728b)  -> (artifact id: '1774f77fa16fe100a89f7af4bd9fbc76') in 0.006815 seconds 
========================================================================
Received Import Request.
  Time since last request: 121.669573 seconds.
  path: Assets/Own_Assets/Playblocks/ouder.asset
  artifactKey: Guid(56576992204c5a946881b836733e42fc) Importer(815301076,1909f56bfc062723c751e8b465ee728b)
Start importing Assets/Own_Assets/Playblocks/ouder.asset using Guid(56576992204c5a946881b836733e42fc) Importer(815301076,1909f56bfc062723c751e8b465ee728b)  -> (artifact id: 'd12f05f0e0c58b3c65712011adc2ab6c') in 0.008062 seconds 
========================================================================
Received Import Request.
  Time since last request: 366.710809 seconds.
  path: Assets/Own_Assets/Playblocks/ouder.asset
  artifactKey: Guid(56576992204c5a946881b836733e42fc) Importer(815301076,1909f56bfc062723c751e8b465ee728b)
Start importing Assets/Own_Assets/Playblocks/ouder.asset using Guid(56576992204c5a946881b836733e42fc) Importer(815301076,1909f56bfc062723c751e8b465ee728b)  -> (artifact id: '21d11280c090e68ec582ddc66f427b9f') in 0.005274 seconds 
========================================================================
Received Import Request.
  Time since last request: 10.940833 seconds.
  path: Assets/Own_Assets/Playblocks/ouder.asset
  artifactKey: Guid(56576992204c5a946881b836733e42fc) Importer(815301076,1909f56bfc062723c751e8b465ee728b)
Start importing Assets/Own_Assets/Playblocks/ouder.asset using Guid(56576992204c5a946881b836733e42fc) Importer(815301076,1909f56bfc062723c751e8b465ee728b)  -> (artifact id: '6eff4b2d67becfc3ce16dc392e10ed18') in 0.007140 seconds 
========================================================================
Received Import Request.
  Time since last request: 29.101028 seconds.
  path: Assets/Own_Assets/Playblocks/ouder.asset
  artifactKey: Guid(56576992204c5a946881b836733e42fc) Importer(815301076,1909f56bfc062723c751e8b465ee728b)
Start importing Assets/Own_Assets/Playblocks/ouder.asset using Guid(56576992204c5a946881b836733e42fc) Importer(815301076,1909f56bfc062723c751e8b465ee728b)  -> (artifact id: '5aa9dfb9112c207d7e6f2fdfb2dbad94') in 0.004557 seconds 
========================================================================
Received Import Request.
  Time since last request: 146.323303 seconds.
  path: Assets/Own_Assets
  artifactKey: Guid(2fab37a665b9a4b4c98ae9403940ad94) Importer(815301076,1909f56bfc062723c751e8b465ee728b)
Start importing Assets/Own_Assets using Guid(2fab37a665b9a4b4c98ae9403940ad94) Importer(815301076,1909f56bfc062723c751e8b465ee728b)  -> (artifact id: 'e99f7cb0448e9695cb34bf5d25381eec') in 0.008646 seconds 
========================================================================
Received Import Request.
  Time since last request: 5.694033 seconds.
  path: Assets/Own_Assets/PostProcess
  artifactKey: Guid(7ab6fc5795dcac3478a0371ee4a2f235) Importer(815301076,1909f56bfc062723c751e8b465ee728b)
Start importing Assets/Own_Assets/PostProcess using Guid(7ab6fc5795dcac3478a0371ee4a2f235) Importer(815301076,1909f56bfc062723c751e8b465ee728b)  -> (artifact id: '234d65e4d46a5fa9b799e7c9f2dab1f7') in 0.011527 seconds 
========================================================================
Received Import Request.
  Time since last request: 3.478401 seconds.
  path: Assets/Own_Assets/PostProcess/Postprocess_Kind.prefab
  artifactKey: Guid(41a5d16461cc26c4ca2e285ec44ab92a) Importer(815301076,1909f56bfc062723c751e8b465ee728b)
Start importing Assets/Own_Assets/PostProcess/Postprocess_Kind.prefab using Guid(41a5d16461cc26c4ca2e285ec44ab92a) Importer(815301076,1909f56bfc062723c751e8b465ee728b)  -> (artifact id: 'b6379bbc593cae4c9f6d6ff0ca1a34d1') in 0.018675 seconds 
========================================================================
Received Import Request.
  Time since last request: 1.910354 seconds.
  path: Assets/Own_Assets/PostProcess/Postprocess_Ouder.prefab
  artifactKey: Guid(8ae8400241b558f48b0948df8842afc4) Importer(815301076,1909f56bfc062723c751e8b465ee728b)
Start importing Assets/Own_Assets/PostProcess/Postprocess_Ouder.prefab using Guid(8ae8400241b558f48b0948df8842afc4) Importer(815301076,1909f56bfc062723c751e8b465ee728b)  -> (artifact id: 'd9042c0aa55dafb9ee7b3fe6845b85c2') in 0.015726 seconds 
========================================================================
Received Import Request.
  Time since last request: 12.674900 seconds.
  path: Assets/Own_Assets/InteractableAssets
  artifactKey: Guid(219fd43517c430943abd93e077a2d3ad) Importer(815301076,1909f56bfc062723c751e8b465ee728b)
Start importing Assets/Own_Assets/InteractableAssets using Guid(219fd43517c430943abd93e077a2d3ad) Importer(815301076,1909f56bfc062723c751e8b465ee728b)  -> (artifact id: 'c672988d6925d3286b59fe81822abeb7') in 0.009631 seconds 
========================================================================
Received Import Request.
  Time since last request: 3.461399 seconds.
  path: Assets/Own_Assets/InteractableAssets/Throwable.prefab
  artifactKey: Guid(e7988e0a234867c4aa705617e71abe89) Importer(815301076,1909f56bfc062723c751e8b465ee728b)
Start importing Assets/Own_Assets/InteractableAssets/Throwable.prefab using Guid(e7988e0a234867c4aa705617e71abe89) Importer(815301076,1909f56bfc062723c751e8b465ee728b)  -> (artifact id: '44b982eb45501e005710d9693f9175f6') in 0.154645 seconds 
AssetImportWorkerClient::OnTransportError - code=2 error=End of file
