Using pre-set license
Built from '2021.1/release' branch; Version is '2021.1.4f1 (4cd64a618c1b) revision 5035594'; Using compiler version '192528614'; Build Type 'Release'
OS: 'Windows 10 Home; OS build 19044.1466; Version 2009; 64bit' Language: 'en' Physical Memory: 15716 MB
BatchMode: 1, IsHumanControllingUs: 0, StartBugReporterOnCrash: 0, Is64bit: 1, IsPro: 0

 COMMAND LINE ARGUMENTS:
C:\Program Files\Unity\Hub\Editor\2021.1.4f1\Editor\Unity.exe
-adb2
-batchMode
-noUpm
-name
AssetImportWorker0
-projectPath
D:/Offline Projects/SeminarVR
-logFile
Logs/AssetImportWorker0.log
-srvPort
64046
Successfully changed project path to: D:/Offline Projects/SeminarVR
D:/Offline Projects/SeminarVR
Using Asset Import Pipeline V2.
Refreshing native plugins compatible for Editor in 37.49 ms, found 5 plugins.
Preloading 0 native plugins for Editor in 0.00 ms.
Initialize engine version: 2021.1.4f1 (4cd64a618c1b)
[Subsystems] Discovering subsystems at path C:/Program Files/Unity/Hub/Editor/2021.1.4f1/Editor/Data/Resources/UnitySubsystems
[Subsystems] Discovering subsystems at path D:/Offline Projects/SeminarVR/Assets
GfxDevice: creating device client; threaded=0; jobified=0
Direct3D:
    Version:  Direct3D 11.0 [level 11.1]
    Renderer: NVIDIA GeForce RTX 3060 Laptop GPU (ID=0x2520)
    Vendor:   NVIDIA
    VRAM:     6023 MB
    Driver:   30.0.15.1123
Initialize mono
Mono path[0] = 'C:/Program Files/Unity/Hub/Editor/2021.1.4f1/Editor/Data/Managed'
Mono path[1] = 'C:/Program Files/Unity/Hub/Editor/2021.1.4f1/Editor/Data/MonoBleedingEdge/lib/mono/unityjit'
Mono config path = 'C:/Program Files/Unity/Hub/Editor/2021.1.4f1/Editor/Data/MonoBleedingEdge/etc'
Using monoOptions --debugger-agent=transport=dt_socket,embedding=1,server=y,suspend=n,address=127.0.0.1:56088
Begin MonoManager ReloadAssembly
Registering precompiled unity dll's ...
Register platform support module: C:/Program Files/Unity/Hub/Editor/2021.1.4f1/Editor/Data/PlaybackEngines/WindowsStandaloneSupport/UnityEditor.WindowsStandalone.Extensions.dll
Registered in 0.002508 seconds.
Native extension for WindowsStandalone target not found
Refreshing native plugins compatible for Editor in 34.77 ms, found 5 plugins.
Preloading 0 native plugins for Editor in 0.00 ms.
Mono: successfully reloaded assembly
- Completed reload, in  3.246 seconds
Platform modules already initialized, skipping
Registering precompiled user dll's ...
Registered in 0.008063 seconds.
Begin MonoManager ReloadAssembly
Native extension for WindowsStandalone target not found
Refreshing native plugins compatible for Editor in 0.51 ms, found 5 plugins.
Preloading 0 native plugins for Editor in 0.00 ms.
Mono: successfully reloaded assembly
- Completed reload, in  1.142 seconds
Platform modules already initialized, skipping
========================================================================
Worker process is ready to serve import requests
Launched and connected shader compiler UnityShaderCompiler.exe after 0.06 seconds
Refreshing native plugins compatible for Editor in 0.83 ms, found 5 plugins.
Preloading 0 native plugins for Editor in 0.00 ms.
Unloading 1833 Unused Serialized files (Serialized files now loaded: 0)
System memory in use before: 83.6 MB.
System memory in use after: 83.7 MB.

Unloading 22 unused Assets to reduce memory usage. Loaded Objects now: 2291.
Total: 2.285800 ms (FindLiveObjects: 0.191600 ms CreateObjectMapping: 0.075700 ms MarkObjects: 1.954400 ms  DeleteObjects: 0.063100 ms)

AssetImportParameters requested are different than current active one (requested -> active):
  colorSpace: 1 -> 0
========================================================================
Received Import Request.
  path: Assets/Rooms.prefab
  artifactKey: Guid(b0491086753424f479ee99829f973225) Importer(815301076,1909f56bfc062723c751e8b465ee728b)
Start importing Assets/Rooms.prefab using Guid(b0491086753424f479ee99829f973225) Importer(815301076,1909f56bfc062723c751e8b465ee728b)  -> (artifact id: '44ccf0b45f428e4db433f2244d920e71') in 0.666685 seconds 
========================================================================
Received Import Request.
  Time since last request: 49.425322 seconds.
  path: Assets/Main.unity
  artifactKey: Guid(aa4d5e0bc435ff74a8d8bcce27f91101) Importer(815301076,1909f56bfc062723c751e8b465ee728b)
Start importing Assets/Main.unity using Guid(aa4d5e0bc435ff74a8d8bcce27f91101) Importer(815301076,1909f56bfc062723c751e8b465ee728b)  -> (artifact id: '178fab114d4f652cedaf9ab3eac89bea') in 0.007467 seconds 
========================================================================
Received Import Request.
  Time since last request: 80.138634 seconds.
  path: Assets/Kind.asset
  artifactKey: Guid(983f240596b1c23478c18e87667e1439) Importer(815301076,1909f56bfc062723c751e8b465ee728b)
Start importing Assets/Kind.asset using Guid(983f240596b1c23478c18e87667e1439) Importer(815301076,1909f56bfc062723c751e8b465ee728b)  -> (artifact id: 'b5bc792316ef86c374103ae1051b0d56') in 0.007141 seconds 
========================================================================
Received Import Request.
  Time since last request: 104.839349 seconds.
  path: Assets/Scripts
  artifactKey: Guid(284b6949c9c2d1e4a93298ba83724afe) Importer(815301076,1909f56bfc062723c751e8b465ee728b)
Start importing Assets/Scripts using Guid(284b6949c9c2d1e4a93298ba83724afe) Importer(815301076,1909f56bfc062723c751e8b465ee728b)  -> (artifact id: 'bda2f7dee4440d1397fb3fab86aceddb') in 0.005877 seconds 
========================================================================
Received Import Request.
  Time since last request: 1.127765 seconds.
  path: Assets/Scripts/player
  artifactKey: Guid(310bf1148f8ded5448fb78791909a1e5) Importer(815301076,1909f56bfc062723c751e8b465ee728b)
Start importing Assets/Scripts/player using Guid(310bf1148f8ded5448fb78791909a1e5) Importer(815301076,1909f56bfc062723c751e8b465ee728b)  -> (artifact id: '4beced407e3545a949222686566e4a01') in 0.006552 seconds 
========================================================================
Received Import Request.
  Time since last request: 0.765779 seconds.
  path: Assets/Scripts/player/TPManager.cs
  artifactKey: Guid(82733f9ce36c19a40b271b679e6b1b3d) Importer(815301076,1909f56bfc062723c751e8b465ee728b)
Start importing Assets/Scripts/player/TPManager.cs using Guid(82733f9ce36c19a40b271b679e6b1b3d) Importer(815301076,1909f56bfc062723c751e8b465ee728b)  -> (artifact id: 'f42e98f5659d8d4b324289b2e7afd409') in 0.022350 seconds 
========================================================================
Received Prepare
Registering precompiled user dll's ...
Registered in 0.007107 seconds.
Begin MonoManager ReloadAssembly
Native extension for WindowsStandalone target not found
Refreshing native plugins compatible for Editor in 0.53 ms, found 5 plugins.
Preloading 0 native plugins for Editor in 0.00 ms.
Mono: successfully reloaded assembly
- Completed reload, in  0.830 seconds
Platform modules already initialized, skipping
Refreshing native plugins compatible for Editor in 0.68 ms, found 5 plugins.
Preloading 0 native plugins for Editor in 0.00 ms.
Unloading 1811 Unused Serialized files (Serialized files now loaded: 0)
System memory in use before: 87.7 MB.
System memory in use after: 87.8 MB.

Unloading 17 unused Assets to reduce memory usage. Loaded Objects now: 2308.
Total: 1.953800 ms (FindLiveObjects: 0.155300 ms CreateObjectMapping: 0.043800 ms MarkObjects: 1.739100 ms  DeleteObjects: 0.014500 ms)

========================================================================
Received Import Request.
  Time since last request: 16.412316 seconds.
  path: Assets/AllSkyFree
  artifactKey: Guid(483682acf5c430746a0260830dbad03a) Importer(815301076,1909f56bfc062723c751e8b465ee728b)
Start importing Assets/AllSkyFree using Guid(483682acf5c430746a0260830dbad03a) Importer(815301076,1909f56bfc062723c751e8b465ee728b)  -> (artifact id: 'bf9d75f784ad344d28c79f4e93848c8a') in 0.004801 seconds 
========================================================================
Received Import Request.
  Time since last request: 1.412858 seconds.
  path: Assets/AllSkyFree/Cold Night
  artifactKey: Guid(5002a90c1ac5742af853cc504426d653) Importer(815301076,1909f56bfc062723c751e8b465ee728b)
Start importing Assets/AllSkyFree/Cold Night using Guid(5002a90c1ac5742af853cc504426d653) Importer(815301076,1909f56bfc062723c751e8b465ee728b)  -> (artifact id: '62fad1de44169c655a12906d21c9aa98') in 0.005466 seconds 
========================================================================
Received Import Request.
  Time since last request: 0.062297 seconds.
  path: Assets/AllSkyFree/Cold Night/Cold Night Equirect.mat
  artifactKey: Guid(eac2ef371405749e0bd050b4c3272f16) Importer(815301076,1909f56bfc062723c751e8b465ee728b)
Start importing Assets/AllSkyFree/Cold Night/Cold Night Equirect.mat using Guid(eac2ef371405749e0bd050b4c3272f16) Importer(815301076,1909f56bfc062723c751e8b465ee728b)  -> (artifact id: 'd8b4ac1252dad31a0f45ca2f34558a9d') in 0.115363 seconds 
========================================================================
Received Import Request.
  Time since last request: 0.000162 seconds.
  path: Assets/AllSkyFree/Cold Night/Cold Night__Cam_4_Up+Y.png
  artifactKey: Guid(3d6928c404a7c46c3991bb1b73521d66) Importer(815301076,1909f56bfc062723c751e8b465ee728b)
Start importing Assets/AllSkyFree/Cold Night/Cold Night__Cam_4_Up+Y.png using Guid(3d6928c404a7c46c3991bb1b73521d66) Importer(815301076,1909f56bfc062723c751e8b465ee728b)  -> (artifact id: '94fa9c31e954993605dabe9f31baa513') in 0.061722 seconds 
========================================================================
Received Import Request.
  Time since last request: 0.000151 seconds.
  path: Assets/AllSkyFree/Cold Night/Cold Night__Cam_5_Down-Y.png
  artifactKey: Guid(8cab6aa3331da40e68754e2214ce08fa) Importer(815301076,1909f56bfc062723c751e8b465ee728b)
Start importing Assets/AllSkyFree/Cold Night/Cold Night__Cam_5_Down-Y.png using Guid(8cab6aa3331da40e68754e2214ce08fa) Importer(815301076,1909f56bfc062723c751e8b465ee728b)  -> (artifact id: '639c9ec7448ade749349dd252a091834') in 0.010763 seconds 
========================================================================
Received Import Request.
  Time since last request: 0.000158 seconds.
  path: Assets/AllSkyFree/Cold Night/Cold Night Equirect.png
  artifactKey: Guid(97259d0c0ea9f491692be825da27978a) Importer(815301076,1909f56bfc062723c751e8b465ee728b)
Start importing Assets/AllSkyFree/Cold Night/Cold Night Equirect.png using Guid(97259d0c0ea9f491692be825da27978a) Importer(815301076,1909f56bfc062723c751e8b465ee728b)  -> (artifact id: '8635bdbaacc4802fe4e1edb95f3ede99') in 0.247099 seconds 
========================================================================
Received Import Request.
  Time since last request: 0.000175 seconds.
  path: Assets/AllSkyFree/Cold Night/Cold Night.mat
  artifactKey: Guid(9af23ba5fa5364ff598888460e0e2759) Importer(815301076,1909f56bfc062723c751e8b465ee728b)
Start importing Assets/AllSkyFree/Cold Night/Cold Night.mat using Guid(9af23ba5fa5364ff598888460e0e2759) Importer(815301076,1909f56bfc062723c751e8b465ee728b)  -> (artifact id: '5470709e8737da618ab9fdb251ba59af') in 0.126814 seconds 
========================================================================
Received Import Request.
  Time since last request: 0.000171 seconds.
  path: Assets/AllSkyFree/Cold Night/Cold Night__Cam_1_Back-Z.png
  artifactKey: Guid(7a03001a6d7c746a2a2467b3b3f51660) Importer(815301076,1909f56bfc062723c751e8b465ee728b)
Start importing Assets/AllSkyFree/Cold Night/Cold Night__Cam_1_Back-Z.png using Guid(7a03001a6d7c746a2a2467b3b3f51660) Importer(815301076,1909f56bfc062723c751e8b465ee728b)  -> (artifact id: 'ae4e0302f4fc8f46e0be9558aa0ca94c') in 0.010094 seconds 
========================================================================
Received Import Request.
  Time since last request: 0.000172 seconds.
  path: Assets/AllSkyFree/Cold Night/Cold Night__Cam_0_Front+Z.png
  artifactKey: Guid(aad96e1c2baf24d3499e2ea1426ab824) Importer(815301076,1909f56bfc062723c751e8b465ee728b)
Start importing Assets/AllSkyFree/Cold Night/Cold Night__Cam_0_Front+Z.png using Guid(aad96e1c2baf24d3499e2ea1426ab824) Importer(815301076,1909f56bfc062723c751e8b465ee728b)  -> (artifact id: '24c23b1a5fd7243526df636cdde610ce') in 0.012135 seconds 
========================================================================
Received Import Request.
  Time since last request: 0.000152 seconds.
  path: Assets/AllSkyFree/Cold Night/Cold Night__Cam_3_Right-X.png
  artifactKey: Guid(2b201733d2df84602b3020984df58790) Importer(815301076,1909f56bfc062723c751e8b465ee728b)
Start importing Assets/AllSkyFree/Cold Night/Cold Night__Cam_3_Right-X.png using Guid(2b201733d2df84602b3020984df58790) Importer(815301076,1909f56bfc062723c751e8b465ee728b)  -> (artifact id: '6af38f9b1e7718f30294fff733cc62c1') in 0.009620 seconds 
========================================================================
Received Import Request.
  Time since last request: 0.000171 seconds.
  path: Assets/AllSkyFree/Cold Night/Cold Night__Cam_2_Left+X.png
  artifactKey: Guid(3aa922ca8577f4f66b8810ab41310933) Importer(815301076,1909f56bfc062723c751e8b465ee728b)
Start importing Assets/AllSkyFree/Cold Night/Cold Night__Cam_2_Left+X.png using Guid(3aa922ca8577f4f66b8810ab41310933) Importer(815301076,1909f56bfc062723c751e8b465ee728b)  -> (artifact id: '41edcc192e2f643ea788bc5a068c1067') in 0.010787 seconds 
========================================================================
Received Prepare
Registering precompiled user dll's ...
Registered in 0.002836 seconds.
Begin MonoManager ReloadAssembly
Native extension for WindowsStandalone target not found
Refreshing native plugins compatible for Editor in 0.52 ms, found 5 plugins.
Preloading 0 native plugins for Editor in 0.00 ms.
Mono: successfully reloaded assembly
- Completed reload, in  0.861 seconds
Platform modules already initialized, skipping
Refreshing native plugins compatible for Editor in 0.55 ms, found 5 plugins.
Preloading 0 native plugins for Editor in 0.00 ms.
Unloading 1818 Unused Serialized files (Serialized files now loaded: 0)
System memory in use before: 139.9 MB.
System memory in use after: 140.0 MB.

Unloading 17 unused Assets to reduce memory usage. Loaded Objects now: 2455.
Total: 2.118100 ms (FindLiveObjects: 0.159700 ms CreateObjectMapping: 0.052000 ms MarkObjects: 1.889900 ms  DeleteObjects: 0.015100 ms)

========================================================================
Received Prepare
Registering precompiled user dll's ...
Registered in 0.003862 seconds.
Begin MonoManager ReloadAssembly
Native extension for WindowsStandalone target not found
Refreshing native plugins compatible for Editor in 0.98 ms, found 5 plugins.
Preloading 0 native plugins for Editor in 0.00 ms.
Mono: successfully reloaded assembly
- Completed reload, in  1.128 seconds
Platform modules already initialized, skipping
Refreshing native plugins compatible for Editor in 1.46 ms, found 5 plugins.
Preloading 0 native plugins for Editor in 0.00 ms.
Unloading 1811 Unused Serialized files (Serialized files now loaded: 0)
System memory in use before: 139.8 MB.
System memory in use after: 139.9 MB.

Unloading 17 unused Assets to reduce memory usage. Loaded Objects now: 2458.
Total: 2.293600 ms (FindLiveObjects: 0.193500 ms CreateObjectMapping: 0.045200 ms MarkObjects: 2.037300 ms  DeleteObjects: 0.016600 ms)

========================================================================
Received Import Request.
  Time since last request: 164.785320 seconds.
  path: Assets/Main.unity
  artifactKey: Guid(aa4d5e0bc435ff74a8d8bcce27f91101) Importer(815301076,1909f56bfc062723c751e8b465ee728b)
Start importing Assets/Main.unity using Guid(aa4d5e0bc435ff74a8d8bcce27f91101) Importer(815301076,1909f56bfc062723c751e8b465ee728b)  -> (artifact id: '8b22f2d93d2171b0617b2f6af1e710e7') in 0.010824 seconds 
========================================================================
Received Prepare
Registering precompiled user dll's ...
Registered in 0.002806 seconds.
Begin MonoManager ReloadAssembly
Native extension for WindowsStandalone target not found
Refreshing native plugins compatible for Editor in 0.51 ms, found 5 plugins.
Preloading 0 native plugins for Editor in 0.00 ms.
Mono: successfully reloaded assembly
- Completed reload, in  0.973 seconds
Platform modules already initialized, skipping
Refreshing native plugins compatible for Editor in 1.15 ms, found 5 plugins.
Preloading 0 native plugins for Editor in 0.00 ms.
Unloading 1811 Unused Serialized files (Serialized files now loaded: 0)
System memory in use before: 139.9 MB.
System memory in use after: 140.0 MB.

Unloading 17 unused Assets to reduce memory usage. Loaded Objects now: 2461.
Total: 2.610400 ms (FindLiveObjects: 0.229500 ms CreateObjectMapping: 0.057500 ms MarkObjects: 2.305600 ms  DeleteObjects: 0.016800 ms)

AssetImportWorkerClient::OnTransportError - code=2 error=End of file
